This is pdfeTeX, Version 3.141592-1.21a-2.2 (Web2C 7.5.4) (format=latex 2005.7.13)  2 OCT 2005 20:01
entering extended mode
**./images.tex
(./images.tex
LaTeX2e <2003/12/01>
Babel <v3.8d> and hyphenation patterns for american, french, german, ngerman, b
ahasa, basque, bulgarian, catalan, croatian, czech, danish, dutch, esperanto, e
stonian, finnish, greek, icelandic, irish, italian, latin, magyar, norsk, polis
h, portuges, romanian, russian, serbian, slovak, slovene, spanish, swedish, tur
kish, ukrainian, nohyphenation, loaded.

(/usr/share/texmf/tex/latex/base/report.cls
Document Class: report 2004/02/16 v1.4f Standard LaTeX document class
(/usr/share/texmf/tex/latex/base/size11.clo
File: size11.clo 2004/02/16 v1.4f Standard LaTeX file (size option)
)
\c@part=\count79
\c@chapter=\count80
\c@section=\count81
\c@subsection=\count82
\c@subsubsection=\count83
\c@paragraph=\count84
\c@subparagraph=\count85
\c@figure=\count86
\c@table=\count87
\abovecaptionskip=\skip41
\belowcaptionskip=\skip42
\bibindent=\dimen102
) (/usr/share/texmf/tex/latex/base/ifthen.sty
Package: ifthen 2001/05/26 v1.1c Standard LaTeX ifthen package (DPC)
) (/usr/share/texmf/tex/latex/psnfss/times.sty
Package: times 2004/09/15 PSNFSS-v9.2 (SPQR) 
) (/usr/share/texmf/tex/latex/base/fontenc.sty
Package: fontenc 2004/02/22 v1.99f Standard LaTeX package
(/usr/share/texmf/tex/latex/base/t1enc.def
File: t1enc.def 2004/02/22 v1.99f Standard LaTeX file
LaTeX Font Info:    Redeclaring font encoding T1 on input line 43.
)) (/usr/share/texmf/tex/latex/base/inputenc.sty
Package: inputenc 2004/02/05 v1.0d Input encoding file
(/usr/share/texmf/tex/latex/base/latin1.def
File: latin1.def 2004/02/05 v1.0d Input encoding file
)) (/usr/share/texmf/tex/latex/geometry/geometry.sty
Package: geometry 2002/07/08 v3.2 Page Geometry
(/usr/share/texmf/tex/latex/graphics/keyval.sty
Package: keyval 1999/03/16 v1.13 key=value parser (DPC)
\KV@toks@=\toks14
)
\Gm@cnth=\count88
\Gm@cntv=\count89
\c@Gm@tempcnt=\count90
\Gm@bindingoffset=\dimen103
\Gm@wd@mp=\dimen104
\Gm@odd@mp=\dimen105
\Gm@even@mp=\dimen106
\Gm@dimlist=\toks15
(/usr/share/texmf/tex/latex/geometry/geometry.cfg)) (/usr/share/texmf/tex/latex
/tools/array.sty
Package: array 2003/12/17 v2.4a Tabular extension package (FMi)
\col@sep=\dimen107
\extrarowheight=\dimen108
\NC@list=\toks16
\extratabsurround=\skip43
\backup@length=\skip44
) (/usr/share/texmf/tex/latex/hyperref/hyperref.sty
Package: hyperref 2003/11/30 v6.74m Hypertext links for LaTeX
\@linkdim=\dimen109
\Hy@linkcounter=\count91
\Hy@pagecounter=\count92
(/usr/share/texmf/tex/latex/hyperref/pd1enc.def
File: pd1enc.def 2003/11/30 v6.74m Hyperref: PDFDocEncoding definition (HO)
) (/usr/share/texmf/tex/latex/hyperref/hyperref.cfg
File: hyperref.cfg 2005/03/07 hyperref configuration of teTeX 3.0
)
Package hyperref Info: Option `colorlinks' set `true' on input line 1830.
Package hyperref Info: Hyper figures OFF on input line 1880.
Package hyperref Info: Link nesting OFF on input line 1885.
Package hyperref Info: Hyper index ON on input line 1888.
Package hyperref Info: Plain pages ON on input line 1893.
Package hyperref Info: Backreferencing OFF on input line 1900.
Implicit mode ON; LaTeX internals redefined
Package hyperref Info: Bookmarks ON on input line 2004.
(/usr/share/texmf/tex/latex/html/url.sty
Package: url 1999/03/02  ver 1.4  Verb mode for urls, email addresses, and file
 names
)
LaTeX Info: Redefining \url on input line 2143.
\Fld@menulength=\count93
\Field@Width=\dimen110
\Fld@charsize=\dimen111
\Choice@toks=\toks17
\Field@toks=\toks18
Package hyperref Info: Hyper figures OFF on input line 2618.
Package hyperref Info: Link nesting OFF on input line 2623.
Package hyperref Info: Hyper index ON on input line 2626.
Package hyperref Info: backreferencing OFF on input line 2633.
Package hyperref Info: Link coloring ON on input line 2636.
\c@Item=\count94
\c@Hfootnote=\count95
)
*hyperref using driver hdvips*
(/usr/share/texmf/tex/latex/hyperref/hdvips.def
File: hdvips.def 2003/11/30 v6.74m Hyperref driver for dvips
(/usr/share/texmf/tex/latex/hyperref/pdfmark.def
File: pdfmark.def 2003/11/30 v6.74m Hyperref definitions for pdfmark specials
\pdf@docset=\toks19
\pdf@box=\box26
\pdf@toks=\toks20
\pdf@defaulttoks=\toks21
\Fld@listcount=\count96
\@outlinefile=\write3
)) (/usr/share/texmf/tex/latex/graphics/color.sty
Package: color 1999/02/16 v1.0i Standard LaTeX Color (DPC)
(/usr/share/texmf/tex/latex/graphics/color.cfg
File: color.cfg 2005/02/03 v1.3 color configuration of teTeX/TeXLive
)
Package color Info: Driver file: dvips.def on input line 125.
(/usr/share/texmf/tex/latex/graphics/dvips.def
File: dvips.def 1999/02/16 v3.0i Driver-dependant file (DPC,SPQR)
) (/usr/share/texmf/tex/latex/graphics/dvipsnam.def
File: dvipsnam.def 1999/02/16 v3.0i Driver-dependant file (DPC,SPQR)
))
\sizebox=\box27
\lthtmlwrite=\write4
(./images.aux)
\openout1 = `images.aux'.

LaTeX Font Info:    Checking defaults for OML/cmm/m/it on input line 160.
LaTeX Font Info:    ... okay on input line 160.
LaTeX Font Info:    Checking defaults for T1/cmr/m/n on input line 160.
LaTeX Font Info:    ... okay on input line 160.
LaTeX Font Info:    Checking defaults for OT1/cmr/m/n on input line 160.
LaTeX Font Info:    ... okay on input line 160.
LaTeX Font Info:    Checking defaults for OMS/cmsy/m/n on input line 160.
LaTeX Font Info:    ... okay on input line 160.
LaTeX Font Info:    Checking defaults for OMX/cmex/m/n on input line 160.
LaTeX Font Info:    ... okay on input line 160.
LaTeX Font Info:    Checking defaults for U/cmr/m/n on input line 160.
LaTeX Font Info:    ... okay on input line 160.
LaTeX Font Info:    Checking defaults for PD1/pdf/m/n on input line 160.
LaTeX Font Info:    ... okay on input line 160.
LaTeX Font Info:    Try loading font information for T1+ptm on input line 160.
(/usr/share/texmf/tex/latex/psnfss/t1ptm.fd
File: t1ptm.fd 2001/06/04 font definitions for T1/ptm.
)

Package geometry Warning: The marginal notes would fall off the page.
     Add 14.7975pt and more to the right margin.

-------------------- Geometry parameters
paper: letterpaper
landscape: --
twocolumn: --
twoside: --
asymmetric: --
h-parts: 54.2025pt, 505.89pt, 54.2025pt
v-parts: 54.2025pt, 686.56499pt, 54.2025pt
hmarginratio: --
vmarginratio: --
lines: --
heightrounded: --
bindingoffset: 0.0pt
truedimen: --
includehead: --
includefoot: --
includemp: --
driver: 
-------------------- Page layout dimensions and switches
\paperwidth  614.295pt
\paperheight 794.96999pt
\textwidth  349.0pt
\textheight 668.4975pt
\oddsidemargin  -18.06749pt
\evensidemargin -18.06749pt
\topmargin  0.0pt
\headheight 0.0pt
\headsep    0.0pt
\footskip   0.0pt
\marginparwidth 59.0pt
\marginparsep   10.0pt
\columnsep  10.0pt
\skip\footins  10.0pt plus 4.0pt minus 2.0pt
\hoffset 0.0pt
\voffset 0.0pt
\mag 1000

(1in=72.27pt, 1cm=28.45pt)
-----------------------
Package hyperref Info: Link coloring ON on input line 160.
(/usr/share/texmf/tex/latex/hyperref/nameref.sty
Package: nameref 2003/12/03 v2.21 Cross-referencing by name of section
\c@section@level=\count97
)
LaTeX Info: Redefining \ref on input line 160.
LaTeX Info: Redefining \pageref on input line 160.
\openout3 = `images.out'.


latex2htmlLength hsize=349.0pt

latex2htmlLength vsize=668.4975pt

latex2htmlLength hoffset=0.0pt

latex2htmlLength voffset=0.0pt

latex2htmlLength topmargin=0.0pt

latex2htmlLength topskip=0.00003pt

latex2htmlLength headheight=0.0pt

latex2htmlLength headsep=0.0pt

latex2htmlLength parskip=6.0pt plus 2.0pt minus 2.0pt

latex2htmlLength oddsidemargin=-18.06749pt

latex2htmlLength evensidemargin=-18.06749pt

LaTeX Font Info:    External font `cmex10' loaded for size
(Font)              <10.95> on input line 186.
LaTeX Font Info:    External font `cmex10' loaded for size
(Font)              <8> on input line 186.
LaTeX Font Info:    External font `cmex10' loaded for size
(Font)              <6> on input line 186.
LaTeX Font Info:    Try loading font information for OMS+ptm on input line 186.

(/usr/share/texmf/tex/latex/psnfss/omsptm.fd
File: omsptm.fd 
)
LaTeX Font Info:    Font shape `OMS/ptm/m/n' in size <10.95> not available
(Font)              Font shape `OMS/cmsy/m/n' tried instead on input line 186.
l2hSize :tex2html_wrap_inline4935:7.89124pt::7.89124pt::11.49756pt.
[1



]
l2hSize :tex2html_wrap_inline4937:8.71248pt::8.71248pt::18.49338pt.
[2


]
l2hSize :tex2html_wrap_inline4939:8.71248pt::8.71248pt::37.35165pt.
[3


]
l2hSize :tex2html_wrap_inline4941:7.89124pt::7.89124pt::23.05585pt.
[4


]
l2hSize :tex2html_wrap_inline4943:7.89124pt::7.89124pt::9.06422pt.
[5


]
l2hSize :tex2html_wrap_inline4947:7.39124pt::0.0pt::11.49756pt.
[6


]
l2hSize :tex2html_wrap_inline4993:8.71248pt::8.71248pt::44.64027pt.
[7


]
l2hSize :tex2html_wrap_inline4995:8.71248pt::8.71248pt::63.49855pt.
[8


]
l2hSize :tex2html_wrap_inline5023:7.60416pt::0.0pt::30.56618pt.
[9


]
l2hSize :tex2html_wrap_inline5025:7.60416pt::0.0pt::30.56618pt.
[10


]
l2hSize :tex2html_wrap_inline5027:8.10416pt::8.10416pt::30.56618pt.
[11


] (./images.aux) ) 
Here is how much of TeX's memory you used:
 2972 strings out of 94500
 40343 string characters out of 1176771
 792902 words of memory out of 4244554
 6150 multiletter control sequences out of 10000+50000
 8792 words of font info for 25 fonts, out of 500000 for 2000
 580 hyphenation exceptions out of 1000
 25i,9n,21p,259b,256s stack positions out of 1500i,500n,5000p,200000b,5000s

Output written on images.dvi (11 pages, 8924 bytes).
