This is pdfeTeX, Version 3.141592-1.21a-2.2 (Web2C 7.5.4) (format=pdflatex 2005.7.13)  2 DEC 2005 17:23
entering extended mode
**PTLsimManual.tex
(./PTLsimManual.tex
LaTeX2e <2003/12/01>
Babel <v3.8d> and hyphenation patterns for american, french, german, ngerman, b
ahasa, basque, bulgarian, catalan, croatian, czech, danish, dutch, esperanto, e
stonian, finnish, greek, icelandic, irish, italian, latin, magyar, norsk, polis
h, portuges, romanian, russian, serbian, slovak, slovene, spanish, swedish, tur
kish, ukrainian, nohyphenation, loaded.
(/usr/share/texmf/tex/latex/base/report.cls
Document Class: report 2004/02/16 v1.4f Standard LaTeX document class
(/usr/share/texmf/tex/latex/base/size11.clo
File: size11.clo 2004/02/16 v1.4f Standard LaTeX file (size option)
)
\c@part=\count79
\c@chapter=\count80
\c@section=\count81
\c@subsection=\count82
\c@subsubsection=\count83
\c@paragraph=\count84
\c@subparagraph=\count85
\c@figure=\count86
\c@table=\count87
\abovecaptionskip=\skip41
\belowcaptionskip=\skip42
\bibindent=\dimen102
)
(/usr/share/texmf/tex/latex/psnfss/times.sty
Package: times 2004/09/15 PSNFSS-v9.2 (SPQR) 
)
(/usr/share/texmf/tex/latex/base/fontenc.sty
Package: fontenc 2004/02/22 v1.99f Standard LaTeX package

(/usr/share/texmf/tex/latex/base/t1enc.def
File: t1enc.def 2004/02/22 v1.99f Standard LaTeX file
LaTeX Font Info:    Redeclaring font encoding T1 on input line 43.
))
(/usr/share/texmf/tex/latex/base/inputenc.sty
Package: inputenc 2004/02/05 v1.0d Input encoding file

(/usr/share/texmf/tex/latex/base/latin1.def
File: latin1.def 2004/02/05 v1.0d Input encoding file
))
(/usr/share/texmf/tex/latex/geometry/geometry.sty
Package: geometry 2002/07/08 v3.2 Page Geometry

(/usr/share/texmf/tex/latex/graphics/keyval.sty
Package: keyval 1999/03/16 v1.13 key=value parser (DPC)
\KV@toks@=\toks14
)
\Gm@cnth=\count88
\Gm@cntv=\count89
\c@Gm@tempcnt=\count90
\Gm@bindingoffset=\dimen103
\Gm@wd@mp=\dimen104
\Gm@odd@mp=\dimen105
\Gm@even@mp=\dimen106
\Gm@dimlist=\toks15

(/usr/share/texmf/tex/latex/geometry/geometry.cfg))
(/usr/share/texmf/tex/latex/tools/array.sty
Package: array 2003/12/17 v2.4a Tabular extension package (FMi)
\col@sep=\dimen107
\extrarowheight=\dimen108
\NC@list=\toks16
\extratabsurround=\skip43
\backup@length=\skip44
)
(/usr/share/texmf/tex/latex/hyperref/hyperref.sty
Package: hyperref 2003/11/30 v6.74m Hypertext links for LaTeX
\@linkdim=\dimen109
\Hy@linkcounter=\count91
\Hy@pagecounter=\count92

(/usr/share/texmf/tex/latex/hyperref/pd1enc.def
File: pd1enc.def 2003/11/30 v6.74m Hyperref: PDFDocEncoding definition (HO)
)
(/usr/share/texmf/tex/latex/hyperref/hyperref.cfg
File: hyperref.cfg 2005/03/07 hyperref configuration of teTeX 3.0
)
Package hyperref Info: Option `colorlinks' set `true' on input line 1830.
Package hyperref Info: Hyper figures OFF on input line 1880.
Package hyperref Info: Link nesting OFF on input line 1885.
Package hyperref Info: Hyper index ON on input line 1888.
Package hyperref Info: Plain pages ON on input line 1893.
Package hyperref Info: Backreferencing OFF on input line 1900.

Implicit mode ON; LaTeX internals redefined
Package hyperref Info: Bookmarks ON on input line 2004.
(/usr/share/texmf/tex/latex/html/url.sty
Package: url 1999/03/02  ver 1.4  Verb mode for urls, email addresses, and file
 names
)
LaTeX Info: Redefining \url on input line 2143.
\Fld@menulength=\count93
\Field@Width=\dimen110
\Fld@charsize=\dimen111
\Choice@toks=\toks17
\Field@toks=\toks18
Package hyperref Info: Hyper figures OFF on input line 2618.
Package hyperref Info: Link nesting OFF on input line 2623.
Package hyperref Info: Hyper index ON on input line 2626.
Package hyperref Info: backreferencing OFF on input line 2633.
Package hyperref Info: Link coloring ON on input line 2636.
\c@Item=\count94
\c@Hfootnote=\count95
)
*hyperref using driver hpdftex*
(/usr/share/texmf/tex/latex/hyperref/hpdftex.def
File: hpdftex.def 2003/11/30 v6.74m Hyperref driver for pdfTeX

(/usr/share/texmf/tex/latex/psnfss/pifont.sty
Package: pifont 2004/09/15 PSNFSS-v9.2 Pi font support (SPQR) 
LaTeX Font Info:    Try loading font information for U+pzd on input line 63.

(/usr/share/texmf/tex/latex/psnfss/upzd.fd
File: upzd.fd 2001/06/04 font definitions for U/pzd.
)
LaTeX Font Info:    Try loading font information for U+psy on input line 64.

(/usr/share/texmf/tex/latex/psnfss/upsy.fd
File: upsy.fd 2001/06/04 font definitions for U/psy.
))
\Fld@listcount=\count96
\@outlinefile=\write3
)
(/usr/share/texmf/tex/generic/babel/babel.sty
Package: babel 2004/11/20 v3.8d The Babel package

(/usr/share/texmf/tex/generic/babel/english.ldf
Language: english 2004/06/14 v3.3o English support from the babel system

(/usr/share/texmf/tex/generic/babel/babel.def
File: babel.def 2004/11/20 v3.8d Babel common definitions
\babel@savecnt=\count97
\U@D=\dimen112
)
\l@british = a dialect from \language\l@english 
\l@UKenglish = a dialect from \language\l@english 
\l@canadian = a dialect from \language\l@american 
\l@australian = a dialect from \language\l@british 
\l@newzealand = a dialect from \language\l@british 
)) (./PTLsimManual.aux)
\openout1 = `PTLsimManual.aux'.

LaTeX Font Info:    Checking defaults for OML/cmm/m/it on input line 51.
LaTeX Font Info:    ... okay on input line 51.
LaTeX Font Info:    Checking defaults for T1/cmr/m/n on input line 51.
LaTeX Font Info:    ... okay on input line 51.
LaTeX Font Info:    Checking defaults for OT1/cmr/m/n on input line 51.
LaTeX Font Info:    ... okay on input line 51.
LaTeX Font Info:    Checking defaults for OMS/cmsy/m/n on input line 51.
LaTeX Font Info:    ... okay on input line 51.
LaTeX Font Info:    Checking defaults for OMX/cmex/m/n on input line 51.
LaTeX Font Info:    ... okay on input line 51.
LaTeX Font Info:    Checking defaults for U/cmr/m/n on input line 51.
LaTeX Font Info:    ... okay on input line 51.
LaTeX Font Info:    Checking defaults for PD1/pdf/m/n on input line 51.
LaTeX Font Info:    ... okay on input line 51.
LaTeX Font Info:    Try loading font information for T1+ptm on input line 51.

(/usr/share/texmf/tex/latex/psnfss/t1ptm.fd
File: t1ptm.fd 2001/06/04 font definitions for T1/ptm.
)

Package geometry Warning: The marginal notes would fall off the page.
     Add 14.7975pt and more to the right margin.

-------------------- Geometry parameters
paper: letterpaper
landscape: --
twocolumn: --
twoside: --
asymmetric: --
h-parts: 54.2025pt, 505.89pt, 54.2025pt
v-parts: 54.2025pt, 686.56499pt, 54.2025pt
hmarginratio: --
vmarginratio: --
lines: --
heightrounded: --
bindingoffset: 0.0pt
truedimen: --
includehead: --
includefoot: --
includemp: --
driver: pdftex
-------------------- Page layout dimensions and switches
\paperwidth  614.295pt
\paperheight 794.96999pt
\textwidth  505.89pt
\textheight 686.56499pt
\oddsidemargin  -18.06749pt
\evensidemargin -18.06749pt
\topmargin  -18.06749pt
\headheight 0.0pt
\headsep    0.0pt
\footskip   0.0pt
\marginparwidth 59.0pt
\marginparsep   10.0pt
\columnsep  10.0pt
\skip\footins  10.0pt plus 4.0pt minus 2.0pt
\hoffset 0.0pt
\voffset 0.0pt
\mag 1000

(1in=72.27pt, 1cm=28.45pt)
-----------------------
(/usr/share/texmf/tex/latex/graphics/color.sty
Package: color 1999/02/16 v1.0i Standard LaTeX Color (DPC)

(/usr/share/texmf/tex/latex/graphics/color.cfg
File: color.cfg 2005/02/03 v1.3 color configuration of teTeX/TeXLive
)
Package color Info: Driver file: pdftex.def on input line 125.

(/usr/share/texmf/tex/latex/graphics/pdftex.def
File: pdftex.def 2002/06/19 v0.03k graphics/color for pdftex
\Gread@gobject=\count98
))
Package hyperref Info: Link coloring ON on input line 51.

(/usr/share/texmf/tex/latex/hyperref/nameref.sty
Package: nameref 2003/12/03 v2.21 Cross-referencing by name of section
\c@section@level=\count99
)
LaTeX Info: Redefining \ref on input line 51.
LaTeX Info: Redefining \pageref on input line 51.
 (./PTLsimManual.out)
(./PTLsimManual.out)
\openout3 = `PTLsimManual.out'.

LaTeX Font Info:    Font shape `T1/ptm/bx/n' in size <10.95> not available
(Font)              Font shape `T1/ptm/b/n' tried instead on input line 52.
LaTeX Font Info:    Font shape `T1/ptm/bx/n' in size <20.74> not available
(Font)              Font shape `T1/ptm/b/n' tried instead on input line 52.
LaTeX Font Info:    Try loading font information for T1+phv on input line 56.
 (/usr/share/texmf/tex/latex/psnfss/t1phv.fd
File: t1phv.fd 2001/06/04 scalable font definitions for T1/phv.
)
LaTeX Font Info:    Font shape `T1/phv/bx/n' in size <10.95> not available
(Font)              Font shape `T1/phv/b/n' tried instead on input line 56.
LaTeX Font Info:    Font shape `T1/phv/bx/n' in size <24.88> not available
(Font)              Font shape `T1/phv/b/n' tried instead on input line 56.
LaTeX Font Info:    Try loading font information for T1+pcr on input line 63.

(/usr/share/texmf/tex/latex/psnfss/t1pcr.fd
File: t1pcr.fd 2001/06/04 font definitions for T1/pcr.
)
LaTeX Font Info:    Font shape `T1/phv/bx/n' in size <17.28> not available
(Font)              Font shape `T1/phv/b/n' tried instead on input line 69.
LaTeX Font Info:    External font `cmex10' loaded for size
(Font)              <10.95> on input line 74.
LaTeX Font Info:    External font `cmex10' loaded for size
(Font)              <8> on input line 74.
LaTeX Font Info:    External font `cmex10' loaded for size
(Font)              <6> on input line 74.
LaTeX Font Info:    Try loading font information for OMS+ptm on input line 74.

(/usr/share/texmf/tex/latex/psnfss/omsptm.fd
File: omsptm.fd 
)
LaTeX Font Info:    Font shape `OMS/ptm/m/n' in size <10.95> not available
(Font)              Font shape `OMS/cmsy/m/n' tried instead on input line 74.
 [1

{/var/lib/texmf/fonts/map/pdftex/updmap/pdftex.map}]
LaTeX Font Info:    Font shape `T1/ptm/bx/n' in size <24.88> not available
(Font)              Font shape `T1/ptm/b/n' tried instead on input line 79.
 (./PTLsimManual.toc
LaTeX Font Info:    Font shape `T1/ptm/bx/n' in size <12> not available
(Font)              Font shape `T1/ptm/b/n' tried instead on input line 2.
 [2

] [3] [4])
\tf@toc=\write4
\openout4 = `PTLsimManual.toc'.

 [5] [6

]
Chapter 1.
LaTeX Font Info:    Font shape `T1/ptm/bx/n' in size <14.4> not available
(Font)              Font shape `T1/ptm/b/n' tried instead on input line 88.
[7

]
LaTeX Font Info:    Font shape `T1/phv/bx/n' in size <12> not available
(Font)              Font shape `T1/phv/b/n' tried instead on input line 161.
 [8]
Chapter 2.

Overfull \hbox (32.5983pt too wide) in paragraph at lines 213--223
\T1/ptm/m/n/10.95 full path to the pro-gram. For ex-am-ple, to con-fig-ure \T1/
pcr/m/n/10 /bin/ls \T1/ptm/m/n/10.95 you'll need to run "\T1/pcr/m/n/10 mkdir /
home/\T1/ptm/m/it/10.95 username\T1/pcr/m/n/10 /.ptlsim/bin\T1/ptm/m/n/10.95 ''

 []

[9

]
LaTeX Font Info:    Font shape `T1/ptm/bx/it' in size <10.95> not available
(Font)              Font shape `T1/ptm/b/it' tried instead on input line 258.
 [10] [11]
Chapter 3.
LaTeX Font Info:    Font shape `T1/pcr/bx/n' in size <10.95> not available
(Font)              Font shape `T1/pcr/b/n' tried instead on input line 323.
LaTeX Font Info:    Font shape `T1/pcr/bx/n' in size <10> not available
(Font)              Font shape `T1/pcr/b/n' tried instead on input line 323.

Overfull \hbox (14.91502pt too wide) in paragraph at lines 337--344
[]\T1/pcr/b/n/10 dcache.cpp \T1/ptm/m/n/10.95 and \T1/pcr/b/n/10 dcache.h \T1/p
tm/m/n/10.95 and \T1/pcr/b/n/10 dcacheint.h \T1/ptm/m/n/10.95 con-tain the data
 cache model. At present the full L1/L2/L3/mem
 []

[12

] [13]
Overfull \hbox (29.17628pt too wide) in paragraph at lines 467--471
[]\T1/ptm/m/n/10.95 String for-mat-ting classes (\T1/pcr/m/n/10 intstring\T1/pt
m/m/n/10.95 , \T1/pcr/m/n/10 hexstring\T1/ptm/m/n/10.95 , \T1/pcr/m/n/10 padstr
ing\T1/ptm/m/n/10.95 , \T1/pcr/m/n/10 bitstring\T1/ptm/m/n/10.95 , \T1/pcr/m/n/
10 bytemaskstring\T1/ptm/m/n/10.95 , \T1/pcr/m/n/10 floatstring\T1/ptm/m/n/10.9
5 )
 []

[14]
Overfull \hbox (22.06987pt too wide) in paragraph at lines 522--526
[]\T1/ptm/m/n/10.95 Iterators for \T1/pcr/m/n/10 Queue \T1/ptm/m/n/10.95 ob-jec
ts such as \T1/pcr/m/n/10 foreach_forward\T1/ptm/m/n/10.95 , \T1/pcr/m/n/10 for
each_forward_from\T1/ptm/m/n/10.95 , \T1/pcr/m/n/10 foreach_forward_after\T1/pt
m/m/n/10.95 ,
 []


Overfull \hbox (32.40718pt too wide) in paragraph at lines 539--542
[]\T1/pcr/m/n/10 LockableFullyAssociativeTags\T1/ptm/m/n/10.95 , \T1/pcr/m/n/10
 LockableFullyAssociativeArray \T1/ptm/m/n/10.95 and \T1/pcr/m/n/10 LockableAss
ociativeArray
 []


Overfull \hbox (0.30847pt too wide) in paragraph at lines 542--546
[]\T1/pcr/m/n/10 CommitRollbackCache \T1/ptm/m/n/10.95 lever-ages the \T1/pcr/m
/n/10 LockableFullyAssociativeArray \T1/ptm/m/n/10.95 class to pro-vide a cache
 struc-
 []


Overfull \hbox (21.04756pt too wide) in paragraph at lines 546--556
[]\T1/pcr/m/n/10 FullyAssociativeTags8bit \T1/ptm/m/n/10.95 and \T1/pcr/m/n/10 
FullyAssociativeTags16bit \T1/ptm/m/n/10.95 work just like \T1/pcr/m/n/10 Fully
AssociativeTags\T1/ptm/m/n/10.95 ,
 []

[15]
Overfull \hbox (7.9857pt too wide) in paragraph at lines 595--608
\T1/pcr/m/n/10 ptlsim_preinit_entry\T1/ptm/m/n/10.95 , and if not, PTL-sim en-t
ers in-ject mode. In this mode, \T1/pcr/m/n/10 ptlsim_inject() \T1/ptm/m/n/10.9
5 in \T1/pcr/m/n/10 kernel.cpp
 []

[16] [17]
Overfull \hbox (32.85559pt too wide) in paragraph at lines 716--733
\T1/pcr/m/n/10 mmap()\T1/ptm/m/n/10.95 , \T1/pcr/m/n/10 munmap()\T1/ptm/m/n/10.
95 , etc. There-fore, at ev-ery switch from na-tive to sim-u-la-tion mode, the 
\T1/pcr/m/n/10 resync_with_process_maps()
 []


Overfull \hbox (23.05998pt too wide) in paragraph at lines 760--766
\T1/ptm/m/n/10.95 may be turned off by de-fault for im-proved per-for-mance, bu
t they can be eas-ily re-enabled by defin-ing the \T1/pcr/m/n/10 ENABLE_CHECKS
 []

LaTeX Font Info:    Font shape `T1/pcr/m/it' in size <10.95> not available
(Font)              Font shape `T1/pcr/m/sl' tried instead on input line 772.
LaTeX Font Info:    Font shape `T1/pcr/m/it' in size <10> not available
(Font)              Font shape `T1/pcr/m/sl' tried instead on input line 772.
[18] [19]
Chapter 4.

Overfull \hbox (60.61298pt too wide) in paragraph at lines 839--846
\T1/ptm/m/n/10.95 print the L1 cache hit rate for two bench-marks, use ``\T1/pc
r/m/n/10 ptlstats \T1/pcr/b/n/10 -collect /final/dcache/load/hit/L1
 []

[20

]
Overfull \hbox (11.41278pt too wide) in paragraph at lines 901--910
\T1/ptm/m/n/10.95 Internally, PTL-sim rep-re-sents data store nodes in a tree f
or-mat via the \T1/pcr/m/n/10 DataStoreNode \T1/ptm/m/n/10.95 class de-fined in
 \T1/pcr/m/n/10 datastore.h\T1/ptm/m/n/10.95 .
 []

[21] [22] [23]
Chapter 5.
[24

] [25] [26] [27] [28] [29

]
Chapter 6.
[30

] [31]
Chapter 7.

Overfull \hbox (6.53748pt too wide) in paragraph at lines 1483--1502
\T1/ptm/m/n/10.95 trans-lated uop (\T1/ptm/m/it/10.95 tran-sop\T1/ptm/m/n/10.95
 ) se-quence for pre-vi-ously de-coded ba-sic blocks in the pro-gram. Each ba-s
ic block (\T1/pcr/m/n/10 BasicBlock
 []


Overfull \hbox (2.23056pt too wide) in paragraph at lines 1513--1523
\T1/ptm/m/n/10.95 each tran-sop (such as the uop's uuid and the RIP of the cor-
re-spond-ing x86 in-struc-tion) to form a \T1/pcr/m/n/10 FetchBufferEntry
 []

[32

] [33]
Chapter 8.
[34

] [35] [36] [37] [38]
Chapter 9.

Overfull \hbox (20.5759pt too wide) in paragraph at lines 1945--1956
\T1/ptm/m/n/10.95 ta-tion, the size can be from 1 to 64 slots. The macros \T1/p
cr/m/n/10 foreach_issueq()\T1/ptm/m/n/10.95 , \T1/pcr/m/n/10 sched_get_all_issu
eq_free_slots()
 []

[39

]
Overfull \hbox (139.92062pt too wide) in paragraph at lines 1974--1984
\T1/ptm/m/n/10.95 sue on (e.g. a float-ing point uop can-not is-sue on a clus-t
er with only in-te-ger units). The \T1/pcr/m/n/10 ReorderBufferEntry::executabl
e_on_cluster_mask
 []

[40]
Overfull \hbox (31.80025pt too wide) in paragraph at lines 2135--2144
\T1/ptm/m/n/10.95 max-i-mum num-ber of uops to is-sue from each clus-ter. The \
T1/pcr/m/n/10 issueq_operation_on_cluster_with_result(cluster,
 []

[41] [42]
Chapter 10.
[43

] [44]
Chapter 11.
[45

] [46]
Chapter 12.
[47

]

LaTeX Warning: Reference `sec:MisspeculationAnnulment' on page 48 undefined on 
input line 2508.

[48]
Chapter 13.
[49

] [50]
Chapter 14.
[51

] [52] [53] [54]
Chapter 15.
[55

] [56]
Overfull \hbox (25.74605pt too wide) in paragraph at lines 3012--3021
\T1/pcr/m/n/10 MAX_WAKEUPS_PER_CYCLE \T1/ptm/m/n/10.95 LFRQ slots in the \T1/pt
m/m/it/10.95 ready \T1/ptm/m/n/10.95 state and wakes them up by call-ing the \T
1/pcr/m/n/10 load_filled_callback()
 []

[57] [58]
Chapter 16.

Overfull \hbox (46.70256pt too wide) in paragraph at lines 3134--3140
[]\T1/ptm/m/n/10.95 As each uop com-mits, the \T1/pcr/m/n/10 BranchPredictorInt
erface::update() \T1/ptm/m/n/10.95 method is passed the uop's saved \T1/pcr/m/n
/10 PredictorUpdate
 []

[59

] [60]
Overfull \hbox (72.7884pt too wide) in paragraph at lines 3214--3228
[]\T1/ptm/m/n/10.95 If uops must be an-nulled, the \T1/pcr/m/n/10 ReorderBuffer
Entry::annul() \T1/ptm/m/n/10.95 method calls the \T1/pcr/m/n/10 BranchPredicto
rInterface::annulras()
 []

[61] [62

]
Chapter 17.
[63

]
LaTeX Font Info:    Font shape `T1/pcr/bx/n' in size <12> not available
(Font)              Font shape `T1/pcr/b/n' tried instead on input line 3242.
LaTeX Font Info:    Font shape `T1/phv/m/it' in size <10.95> not available
(Font)              Font shape `T1/phv/m/sl' tried instead on input line 3253.
LaTeX Font Info:    Font shape `T1/phv/bx/it' in size <10.95> not available
(Font)              Font shape `T1/phv/b/it' tried instead on input line 3292.
LaTeX Font Info:    Font shape `T1/phv/b/it' in size <10.95> not available
(Font)              Font shape `T1/phv/b/sl' tried instead on input line 3292.
 [64] [65] [66]
LaTeX Font Info:    Font shape `T1/pcr/bx/it' in size <10.95> not available
(Font)              Font shape `T1/pcr/b/it' tried instead on input line 3442.
LaTeX Font Info:    Font shape `T1/pcr/b/it' in size <10.95> not available
(Font)              Font shape `T1/pcr/b/sl' tried instead on input line 3442.
LaTeX Font Info:    Font shape `T1/pcr/bx/it' in size <10> not available
(Font)              Font shape `T1/pcr/b/it' tried instead on input line 3442.
LaTeX Font Info:    Font shape `T1/pcr/b/it' in size <10> not available
(Font)              Font shape `T1/pcr/b/sl' tried instead on input line 3442.
 [67] [68] [69] [70] [71] [72] [73] [74] [75] [76] [77]
[78] [79] [80] [81] [82] [83]
LaTeX Font Info:    External font `cmex10' loaded for size
(Font)              <7> on input line 4201.
LaTeX Font Info:    External font `cmex10' loaded for size
(Font)              <5> on input line 4201.
 [84] [85] [86] [87] [88] [89] [90] [91] [92]
[93] [94] [95] [96] [97] [98] [99] [100] [101] [102] [103]
Chapter 18.
[104

]
Underfull \hbox (badness 10000) in paragraph at lines 4961--4973

 []

[105] [106] [107] [108] [109] [110] [111] [112] [113] (./PTLsimManual.aux)

LaTeX Warning: There were undefined references.

 ) 
Here is how much of TeX's memory you used:
 3584 strings out of 94499
 46651 string characters out of 1176748
 795316 words of memory out of 4246968
 6473 multiletter control sequences out of 10000+50000
 74813 words of font info for 85 fonts, out of 500000 for 2000
 580 hyphenation exceptions out of 1000
 27i,11n,36p,263b,328s stack positions out of 1500i,500n,5000p,200000b,5000s
PDF statistics:
 1194 PDF objects out of 300000
 226 named destinations out of 131072
 889 words of extra memory for PDF output out of 65536
{/usr/share/texmf/fonts/enc/dvips/psnfss/8r.enc}</usr/share/texmf/fonts/type1
/urw/courier/ucrbo8a.pfb></usr/share/texmf/fonts/type1/urw/helvetic/uhvbo8a.pfb
></usr/share/texmf/fonts/type1/urw/helvetic/uhvro8a.pfb></usr/share/texmf/fonts
/type1/urw/helvetic/uhvr8a.pfb></usr/share/texmf/fonts/type1/bluesky/cm/cmr10.p
fb></usr/share/texmf/fonts/type1/bluesky/cm/cmmi10.pfb></usr/share/texmf/fonts/
type1/urw/courier/ucrro8a.pfb></usr/share/texmf/fonts/type1/urw/courier/ucrb8a.
pfb></usr/share/texmf/fonts/type1/urw/times/utmbi8a.pfb></usr/share/texmf/fonts
/type1/urw/times/utmb8a.pfb></usr/share/texmf/fonts/type1/bluesky/cm/cmsy10.pfb
></usr/share/texmf/fonts/type1/urw/courier/ucrr8a.pfb></usr/share/texmf/fonts/t
ype1/urw/times/utmr8a.pfb></usr/share/texmf/fonts/type1/urw/times/utmri8a.pfb><
/usr/share/texmf/fonts/type1/urw/helvetic/uhvb8a.pfb>
Output written on PTLsimManual.pdf (113 pages, 536597 bytes).
